#
# There is insufficient memory for the Java Runtime Environment to continue.
# Native memory allocation (malloc) failed to allocate 812176 bytes for Chunk::new
# Possible reasons:
#   The system is out of physical RAM or swap space
#   The process is running with CompressedOops enabled, and the Java Heap may be blocking the growth of the native heap
# Possible solutions:
#   Reduce memory load on the system
#   Increase physical memory or swap space
#   Check if swap backing store is full
#   Decrease Java heap size (-Xmx/-Xms)
#   Decrease number of Java threads
#   Decrease Java thread stack sizes (-Xss)
#   Set larger code cache with -XX:ReservedCodeCacheSize=
#   JVM is running with Unscaled Compressed Oops mode in which the Java heap is
#     placed in the first 4GB address space. The Java Heap base address is the
#     maximum limit for the native heap growth. Please use -XX:HeapBaseMinAddress
#     to set the Java Heap base and to place the Java Heap above 4GB virtual address.
# This output file may be truncated or incomplete.
#
#  Out of Memory Error (arena.cpp:189), pid=2384, tid=16076
#
# JRE version: Java(TM) SE Runtime Environment (17.0.11+7) (build 17.0.11+7-LTS-207)
# Java VM: Java HotSpot(TM) 64-Bit Server VM (17.0.11+7-LTS-207, mixed mode, sharing, tiered, compressed oops, compressed class ptrs, g1 gc, windows-amd64)
# No core dump will be written. Minidumps are not enabled by default on client versions of Windows
#

---------------  S U M M A R Y ------------

Command Line: -XX:MaxMetaspaceSize=512m --add-opens=java.base/java.util=ALL-UNNAMED --add-opens=java.base/java.lang=ALL-UNNAMED --add-opens=java.base/java.lang.invoke=ALL-UNNAMED --add-opens=java.prefs/java.util.prefs=ALL-UNNAMED --add-opens=java.base/java.nio.charset=ALL-UNNAMED --add-opens=java.base/java.net=ALL-UNNAMED --add-opens=java.base/java.util.concurrent.atomic=ALL-UNNAMED -Xmx2048m -Dfile.encoding=windows-1252 -Duser.country=US -Duser.language=en -Duser.variant -javaagent:C:\Users\legba\.gradle\wrapper\dists\gradle-8.8-all\6gdy1pgp427xkqcjbxw3ylt6h\gradle-8.8\lib\agents\gradle-instrumentation-agent-8.8.jar org.gradle.launcher.daemon.bootstrap.GradleDaemon 8.8

Host: Intel(R) Core(TM) i3-7130U CPU @ 2.70GHz, 4 cores, 11G,  Windows 10 , 64 bit Build 19041 (10.0.19041.4957)
Time: Mon Oct 14 15:38:07 2024 W. Central Africa Standard Time elapsed time: 17.811833 seconds (0d 0h 0m 17s)

---------------  T H R E A D  ---------------

Current thread (0x000001e2efecce80):  JavaThread "C2 CompilerThread0" daemon [_thread_in_native, id=16076, stack(0x0000006462c00000,0x0000006462d00000)]


Current CompileTask:
C2:  17811 2690   !   4       java.net.URL::<init> (543 bytes)

Stack: [0x0000006462c00000,0x0000006462d00000]
Native frames: (J=compiled Java code, j=interpreted, Vv=VM code, C=native code)
V  [jvm.dll+0x679cca]
V  [jvm.dll+0x7da13d]
V  [jvm.dll+0x7dba83]
V  [jvm.dll+0x7dc0f3]
V  [jvm.dll+0x2449af]
V  [jvm.dll+0xab83b]
V  [jvm.dll+0xabe1c]
V  [jvm.dll+0x2a9e6f]
V  [jvm.dll+0x5818d9]
V  [jvm.dll+0x21ed62]
V  [jvm.dll+0x21f13f]
V  [jvm.dll+0x218331]
V  [jvm.dll+0x215505]
V  [jvm.dll+0x1a2040]
V  [jvm.dll+0x225a2b]
V  [jvm.dll+0x223bcb]
V  [jvm.dll+0x7903ec]
V  [jvm.dll+0x78a85a]
V  [jvm.dll+0x678bb5]
C  [ucrtbase.dll+0x21bb2]
C  [KERNEL32.DLL+0x17374]
C  [ntdll.dll+0x4cc91]


---------------  P R O C E S S  ---------------

Threads class SMR info:
_java_thread_list=0x000001e2f6cc2ff0, length=27, elements={
0x000001e2d2528ad0, 0x000001e2efea2970, 0x000001e2efea3700, 0x000001e2efeba580,
0x000001e2efebb050, 0x000001e2efebc1c0, 0x000001e2efebf250, 0x000001e2efecce80,
0x000001e2efef1860, 0x000001e2eff0e950, 0x000001e2efe8aa90, 0x000001e2f4285d30,
0x000001e2f5600660, 0x000001e2f41b0530, 0x000001e2f42a1f00, 0x000001e2f416b650,
0x000001e2f41aaaa0, 0x000001e2f4d4d4d0, 0x000001e2f4d4a740, 0x000001e2f4d4ac50,
0x000001e2f4d4cab0, 0x000001e2f4d4d9e0, 0x000001e2f4d4a230, 0x000001e2f4d4bb80,
0x000001e2f4d4b160, 0x000001e2f6cf5980, 0x000001e2f729a140
}

Java Threads: ( => current thread )
  0x000001e2d2528ad0 JavaThread "main" [_thread_blocked, id=16800, stack(0x0000006461f00000,0x0000006462000000)]
  0x000001e2efea2970 JavaThread "Reference Handler" daemon [_thread_blocked, id=1968, stack(0x0000006462600000,0x0000006462700000)]
  0x000001e2efea3700 JavaThread "Finalizer" daemon [_thread_blocked, id=10932, stack(0x0000006462700000,0x0000006462800000)]
  0x000001e2efeba580 JavaThread "Signal Dispatcher" daemon [_thread_blocked, id=17064, stack(0x0000006462800000,0x0000006462900000)]
  0x000001e2efebb050 JavaThread "Attach Listener" daemon [_thread_blocked, id=17076, stack(0x0000006462900000,0x0000006462a00000)]
  0x000001e2efebc1c0 JavaThread "Service Thread" daemon [_thread_blocked, id=15064, stack(0x0000006462a00000,0x0000006462b00000)]
  0x000001e2efebf250 JavaThread "Monitor Deflation Thread" daemon [_thread_blocked, id=13556, stack(0x0000006462b00000,0x0000006462c00000)]
=>0x000001e2efecce80 JavaThread "C2 CompilerThread0" daemon [_thread_in_native, id=16076, stack(0x0000006462c00000,0x0000006462d00000)]
  0x000001e2efef1860 JavaThread "C1 CompilerThread0" daemon [_thread_blocked, id=2200, stack(0x0000006462d00000,0x0000006462e00000)]
  0x000001e2eff0e950 JavaThread "Sweeper thread" daemon [_thread_blocked, id=13144, stack(0x0000006462e00000,0x0000006462f00000)]
  0x000001e2efe8aa90 JavaThread "Common-Cleaner" daemon [_thread_blocked, id=9608, stack(0x0000006462f00000,0x0000006463000000)]
  0x000001e2f4285d30 JavaThread "Notification Thread" daemon [_thread_blocked, id=1168, stack(0x0000006463000000,0x0000006463100000)]
  0x000001e2f5600660 JavaThread "Daemon health stats" [_thread_blocked, id=16676, stack(0x0000006463500000,0x0000006463600000)]
  0x000001e2f41b0530 JavaThread "Incoming local TCP Connector on port 54837" [_thread_in_native, id=17224, stack(0x0000006463600000,0x0000006463700000)]
  0x000001e2f42a1f00 JavaThread "Daemon periodic checks" [_thread_blocked, id=13856, stack(0x0000006463700000,0x0000006463800000)]
  0x000001e2f416b650 JavaThread "Daemon" [_thread_blocked, id=15928, stack(0x0000006463800000,0x0000006463900000)]
  0x000001e2f41aaaa0 JavaThread "Handler for socket connection from /127.0.0.1:54837 to /127.0.0.1:54838" [_thread_in_native, id=16104, stack(0x0000006463900000,0x0000006463a00000)]
  0x000001e2f4d4d4d0 JavaThread "Cancel handler" [_thread_blocked, id=17240, stack(0x0000006463a00000,0x0000006463b00000)]
  0x000001e2f4d4a740 JavaThread "Daemon worker" [_thread_in_native, id=17044, stack(0x0000006463b00000,0x0000006463c00000)]
  0x000001e2f4d4ac50 JavaThread "Asynchronous log dispatcher for DefaultDaemonConnection: socket connection from /127.0.0.1:54837 to /127.0.0.1:54838" [_thread_blocked, id=17292, stack(0x0000006463c00000,0x0000006463d00000)]
  0x000001e2f4d4cab0 JavaThread "Stdin handler" [_thread_blocked, id=17056, stack(0x0000006463d00000,0x0000006463e00000)]
  0x000001e2f4d4d9e0 JavaThread "Daemon client event forwarder" [_thread_blocked, id=15568, stack(0x0000006463e00000,0x0000006463f00000)]
  0x000001e2f4d4a230 JavaThread "Cache worker for journal cache (C:\Users\legba\.gradle\caches\journal-1)" [_thread_blocked, id=14628, stack(0x0000006463f00000,0x0000006464000000)]
  0x000001e2f4d4bb80 JavaThread "File lock request listener" [_thread_in_native, id=10944, stack(0x0000006464000000,0x0000006464100000)]
  0x000001e2f4d4b160 JavaThread "Cache worker for file hash cache (C:\Users\legba\.gradle\caches\8.8\fileHashes)" [_thread_blocked, id=15496, stack(0x0000006464100000,0x0000006464200000)]
  0x000001e2f6cf5980 JavaThread "Cache worker for file hash cache (C:\Users\legba\OneDrive\Desktop\Tsaron Technologies\Tsaron Mobile App\Gumshoe_app\android\.gradle\8.8\fileHashes)" [_thread_blocked, id=10496, stack(0x0000006464200000,0x0000006464300000)]
  0x000001e2f729a140 JavaThread "C2 CompilerThread1" daemon [_thread_blocked, id=5116, stack(0x0000006464300000,0x0000006464400000)]

Other Threads:
  0x000001e2efe9ee00 VMThread "VM Thread" [stack: 0x0000006462500000,0x0000006462600000] [id=13348]
  0x000001e2d252aaa0 WatcherThread [stack: 0x0000006463100000,0x0000006463200000] [id=16520]
  0x000001e2d2582470 GCTaskThread "GC Thread#0" [stack: 0x0000006462000000,0x0000006462100000] [id=956]
  0x000001e2f43572f0 GCTaskThread "GC Thread#1" [stack: 0x0000006463200000,0x0000006463300000] [id=15756]
  0x000001e2f435b710 GCTaskThread "GC Thread#2" [stack: 0x0000006463300000,0x0000006463400000] [id=13424]
  0x000001e2f435e2f0 GCTaskThread "GC Thread#3" [stack: 0x0000006463400000,0x0000006463500000] [id=17128]
  0x000001e2d25942e0 ConcurrentGCThread "G1 Main Marker" [stack: 0x0000006462100000,0x0000006462200000] [id=17268]
  0x000001e2d2594c00 ConcurrentGCThread "G1 Conc#0" [stack: 0x0000006462200000,0x0000006462300000] [id=3764]
  0x000001e2d25fe2f0 ConcurrentGCThread "G1 Refine#0" [stack: 0x0000006462300000,0x0000006462400000] [id=12312]
  0x000001e2d25fec30 ConcurrentGCThread "G1 Service" [stack: 0x0000006462400000,0x0000006462500000] [id=10180]

Threads with active compile tasks:
C2 CompilerThread0    17869 2690   !   4       java.net.URL::<init> (543 bytes)

VM state: not at safepoint (normal execution)

VM Mutex/Monitor currently owned by a thread: None

Heap address: 0x0000000080000000, size: 2048 MB, Compressed Oops mode: 32-bit

CDS archive(s) mapped at: [0x000001e280000000-0x000001e280bd0000-0x000001e280bd0000), size 12386304, SharedBaseAddress: 0x000001e280000000, ArchiveRelocationMode: 1.
Compressed class space mapped at: 0x000001e281000000-0x000001e29b000000, reserved size: 436207616
Narrow klass base: 0x000001e280000000, Narrow klass shift: 0, Narrow klass range: 0x100000000

GC Precious Log:
 CPUs: 4 total, 4 available
 Memory: 12182M
 Large Page Support: Disabled
 NUMA Support: Disabled
 Compressed Oops: Enabled (32-bit)
 Heap Region Size: 1M
 Heap Min Capacity: 8M
 Heap Initial Capacity: 192M
 Heap Max Capacity: 2G
 Pre-touch: Disabled
 Parallel Workers: 4
 Concurrent Workers: 1
 Concurrent Refinement Workers: 4
 Periodic GC: Disabled

Heap:
 garbage-first heap   total 196608K, used 123704K [0x0000000080000000, 0x0000000100000000)
  region size 1024K, 109 young (111616K), 1 survivors (1024K)
 Metaspace       used 19852K, committed 20160K, reserved 491520K
  class space    used 2872K, committed 3008K, reserved 425984K

Heap Regions: E=young(eden), S=young(survivor), O=old, HS=humongous(starts), HC=humongous(continues), CS=collection set, F=free, OA=open archive, CA=closed archive, TAMS=top-at-mark-start (previous, next)
|   0|0x0000000080000000, 0x0000000080100000, 0x0000000080100000|100%|HS|  |TAMS 0x0000000080000000, 0x0000000080000000| Complete 
|   1|0x0000000080100000, 0x0000000080200000, 0x0000000080200000|100%|HC|  |TAMS 0x0000000080100000, 0x0000000080100000| Complete 
|   2|0x0000000080200000, 0x0000000080300000, 0x0000000080300000|100%|HC|  |TAMS 0x0000000080200000, 0x0000000080200000| Complete 
|   3|0x0000000080300000, 0x0000000080400000, 0x0000000080400000|100%|HC|  |TAMS 0x0000000080300000, 0x0000000080300000| Complete 
|   4|0x0000000080400000, 0x0000000080500000, 0x0000000080500000|100%| O|  |TAMS 0x0000000080400000, 0x0000000080400000| Untracked 
|   5|0x0000000080500000, 0x0000000080600000, 0x0000000080600000|100%| O|  |TAMS 0x0000000080500000, 0x0000000080500000| Untracked 
|   6|0x0000000080600000, 0x0000000080700000, 0x0000000080700000|100%| O|  |TAMS 0x0000000080600000, 0x0000000080600000| Untracked 
|   7|0x0000000080700000, 0x0000000080800000, 0x0000000080800000|100%| O|  |TAMS 0x0000000080700000, 0x0000000080700000| Untracked 
|   8|0x0000000080800000, 0x0000000080900000, 0x0000000080900000|100%| O|  |TAMS 0x0000000080800000, 0x0000000080800000| Untracked 
|   9|0x0000000080900000, 0x0000000080a00000, 0x0000000080a00000|100%| O|  |TAMS 0x0000000080900000, 0x0000000080900000| Untracked 
|  10|0x0000000080a00000, 0x0000000080ace200, 0x0000000080b00000| 80%| O|  |TAMS 0x0000000080a00000, 0x0000000080a00000| Untracked 
|  11|0x0000000080b00000, 0x0000000080c00000, 0x0000000080c00000|100%|HS|  |TAMS 0x0000000080b00000, 0x0000000080b00000| Complete 
|  12|0x0000000080c00000, 0x0000000080d00000, 0x0000000080d00000|100%|HS|  |TAMS 0x0000000080c00000, 0x0000000080c00000| Complete 
|  13|0x0000000080d00000, 0x0000000080d00000, 0x0000000080e00000|  0%| F|  |TAMS 0x0000000080d00000, 0x0000000080d00000| Untracked 
|  14|0x0000000080e00000, 0x0000000080e00000, 0x0000000080f00000|  0%| F|  |TAMS 0x0000000080e00000, 0x0000000080e00000| Untracked 
|  15|0x0000000080f00000, 0x0000000080f00000, 0x0000000081000000|  0%| F|  |TAMS 0x0000000080f00000, 0x0000000080f00000| Untracked 
|  16|0x0000000081000000, 0x0000000081000000, 0x0000000081100000|  0%| F|  |TAMS 0x0000000081000000, 0x0000000081000000| Untracked 
|  17|0x0000000081100000, 0x0000000081100000, 0x0000000081200000|  0%| F|  |TAMS 0x0000000081100000, 0x0000000081100000| Untracked 
|  18|0x0000000081200000, 0x0000000081200000, 0x0000000081300000|  0%| F|  |TAMS 0x0000000081200000, 0x0000000081200000| Untracked 
|  19|0x0000000081300000, 0x0000000081300000, 0x0000000081400000|  0%| F|  |TAMS 0x0000000081300000, 0x0000000081300000| Untracked 
|  20|0x0000000081400000, 0x0000000081400000, 0x0000000081500000|  0%| F|  |TAMS 0x0000000081400000, 0x0000000081400000| Untracked 
|  21|0x0000000081500000, 0x0000000081500000, 0x0000000081600000|  0%| F|  |TAMS 0x0000000081500000, 0x0000000081500000| Untracked 
|  22|0x0000000081600000, 0x0000000081600000, 0x0000000081700000|  0%| F|  |TAMS 0x0000000081600000, 0x0000000081600000| Untracked 
|  23|0x0000000081700000, 0x0000000081700000, 0x0000000081800000|  0%| F|  |TAMS 0x0000000081700000, 0x0000000081700000| Untracked 
|  24|0x0000000081800000, 0x0000000081800000, 0x0000000081900000|  0%| F|  |TAMS 0x0000000081800000, 0x0000000081800000| Untracked 
|  25|0x0000000081900000, 0x0000000081900000, 0x0000000081a00000|  0%| F|  |TAMS 0x0000000081900000, 0x0000000081900000| Untracked 
|  26|0x0000000081a00000, 0x0000000081a00000, 0x0000000081b00000|  0%| F|  |TAMS 0x0000000081a00000, 0x0000000081a00000| Untracked 
|  27|0x0000000081b00000, 0x0000000081b00000, 0x0000000081c00000|  0%| F|  |TAMS 0x0000000081b00000, 0x0000000081b00000| Untracked 
|  28|0x0000000081c00000, 0x0000000081c00000, 0x0000000081d00000|  0%| F|  |TAMS 0x0000000081c00000, 0x0000000081c00000| Untracked 
|  29|0x0000000081d00000, 0x0000000081d00000, 0x0000000081e00000|  0%| F|  |TAMS 0x0000000081d00000, 0x0000000081d00000| Untracked 
|  30|0x0000000081e00000, 0x0000000081e00000, 0x0000000081f00000|  0%| F|  |TAMS 0x0000000081e00000, 0x0000000081e00000| Untracked 
|  31|0x0000000081f00000, 0x0000000081f00000, 0x0000000082000000|  0%| F|  |TAMS 0x0000000081f00000, 0x0000000081f00000| Untracked 
|  32|0x0000000082000000, 0x0000000082000000, 0x0000000082100000|  0%| F|  |TAMS 0x0000000082000000, 0x0000000082000000| Untracked 
|  33|0x0000000082100000, 0x0000000082100000, 0x0000000082200000|  0%| F|  |TAMS 0x0000000082100000, 0x0000000082100000| Untracked 
|  34|0x0000000082200000, 0x0000000082200000, 0x0000000082300000|  0%| F|  |TAMS 0x0000000082200000, 0x0000000082200000| Untracked 
|  35|0x0000000082300000, 0x0000000082300000, 0x0000000082400000|  0%| F|  |TAMS 0x0000000082300000, 0x0000000082300000| Untracked 
|  36|0x0000000082400000, 0x0000000082400000, 0x0000000082500000|  0%| F|  |TAMS 0x0000000082400000, 0x0000000082400000| Untracked 
|  37|0x0000000082500000, 0x0000000082500000, 0x0000000082600000|  0%| F|  |TAMS 0x0000000082500000, 0x0000000082500000| Untracked 
|  38|0x0000000082600000, 0x0000000082600000, 0x0000000082700000|  0%| F|  |TAMS 0x0000000082600000, 0x0000000082600000| Untracked 
|  39|0x0000000082700000, 0x0000000082700000, 0x0000000082800000|  0%| F|  |TAMS 0x0000000082700000, 0x0000000082700000| Untracked 
|  40|0x0000000082800000, 0x0000000082800000, 0x0000000082900000|  0%| F|  |TAMS 0x0000000082800000, 0x0000000082800000| Untracked 
|  41|0x0000000082900000, 0x0000000082900000, 0x0000000082a00000|  0%| F|  |TAMS 0x0000000082900000, 0x0000000082900000| Untracked 
|  42|0x0000000082a00000, 0x0000000082a00000, 0x0000000082b00000|  0%| F|  |TAMS 0x0000000082a00000, 0x0000000082a00000| Untracked 
|  43|0x0000000082b00000, 0x0000000082b00000, 0x0000000082c00000|  0%| F|  |TAMS 0x0000000082b00000, 0x0000000082b00000| Untracked 
|  44|0x0000000082c00000, 0x0000000082c00000, 0x0000000082d00000|  0%| F|  |TAMS 0x0000000082c00000, 0x0000000082c00000| Untracked 
|  45|0x0000000082d00000, 0x0000000082d00000, 0x0000000082e00000|  0%| F|  |TAMS 0x0000000082d00000, 0x0000000082d00000| Untracked 
|  46|0x0000000082e00000, 0x0000000082e00000, 0x0000000082f00000|  0%| F|  |TAMS 0x0000000082e00000, 0x0000000082e00000| Untracked 
|  47|0x0000000082f00000, 0x0000000082f00000, 0x0000000083000000|  0%| F|  |TAMS 0x0000000082f00000, 0x0000000082f00000| Untracked 
|  48|0x0000000083000000, 0x0000000083000000, 0x0000000083100000|  0%| F|  |TAMS 0x0000000083000000, 0x0000000083000000| Untracked 
|  49|0x0000000083100000, 0x0000000083100000, 0x0000000083200000|  0%| F|  |TAMS 0x0000000083100000, 0x0000000083100000| Untracked 
|  50|0x0000000083200000, 0x0000000083200000, 0x0000000083300000|  0%| F|  |TAMS 0x0000000083200000, 0x0000000083200000| Untracked 
|  51|0x0000000083300000, 0x0000000083300000, 0x0000000083400000|  0%| F|  |TAMS 0x0000000083300000, 0x0000000083300000| Untracked 
|  52|0x0000000083400000, 0x0000000083400000, 0x0000000083500000|  0%| F|  |TAMS 0x0000000083400000, 0x0000000083400000| Untracked 
|  53|0x0000000083500000, 0x0000000083500000, 0x0000000083600000|  0%| F|  |TAMS 0x0000000083500000, 0x0000000083500000| Untracked 
|  54|0x0000000083600000, 0x0000000083600000, 0x0000000083700000|  0%| F|  |TAMS 0x0000000083600000, 0x0000000083600000| Untracked 
|  55|0x0000000083700000, 0x0000000083700000, 0x0000000083800000|  0%| F|  |TAMS 0x0000000083700000, 0x0000000083700000| Untracked 
|  56|0x0000000083800000, 0x0000000083800000, 0x0000000083900000|  0%| F|  |TAMS 0x0000000083800000, 0x0000000083800000| Untracked 
|  57|0x0000000083900000, 0x0000000083900000, 0x0000000083a00000|  0%| F|  |TAMS 0x0000000083900000, 0x0000000083900000| Untracked 
|  58|0x0000000083a00000, 0x0000000083a00000, 0x0000000083b00000|  0%| F|  |TAMS 0x0000000083a00000, 0x0000000083a00000| Untracked 
|  59|0x0000000083b00000, 0x0000000083b00000, 0x0000000083c00000|  0%| F|  |TAMS 0x0000000083b00000, 0x0000000083b00000| Untracked 
|  60|0x0000000083c00000, 0x0000000083c00000, 0x0000000083d00000|  0%| F|  |TAMS 0x0000000083c00000, 0x0000000083c00000| Untracked 
|  61|0x0000000083d00000, 0x0000000083d00000, 0x0000000083e00000|  0%| F|  |TAMS 0x0000000083d00000, 0x0000000083d00000| Untracked 
|  62|0x0000000083e00000, 0x0000000083e00000, 0x0000000083f00000|  0%| F|  |TAMS 0x0000000083e00000, 0x0000000083e00000| Untracked 
|  63|0x0000000083f00000, 0x0000000083f00000, 0x0000000084000000|  0%| F|  |TAMS 0x0000000083f00000, 0x0000000083f00000| Untracked 
|  64|0x0000000084000000, 0x0000000084000000, 0x0000000084100000|  0%| F|  |TAMS 0x0000000084000000, 0x0000000084000000| Untracked 
|  65|0x0000000084100000, 0x0000000084100000, 0x0000000084200000|  0%| F|  |TAMS 0x0000000084100000, 0x0000000084100000| Untracked 
|  66|0x0000000084200000, 0x0000000084200000, 0x0000000084300000|  0%| F|  |TAMS 0x0000000084200000, 0x0000000084200000| Untracked 
|  67|0x0000000084300000, 0x0000000084300000, 0x0000000084400000|  0%| F|  |TAMS 0x0000000084300000, 0x0000000084300000| Untracked 
|  68|0x0000000084400000, 0x0000000084400000, 0x0000000084500000|  0%| F|  |TAMS 0x0000000084400000, 0x0000000084400000| Untracked 
|  69|0x0000000084500000, 0x0000000084500000, 0x0000000084600000|  0%| F|  |TAMS 0x0000000084500000, 0x0000000084500000| Untracked 
|  70|0x0000000084600000, 0x0000000084600000, 0x0000000084700000|  0%| F|  |TAMS 0x0000000084600000, 0x0000000084600000| Untracked 
|  71|0x0000000084700000, 0x0000000084700000, 0x0000000084800000|  0%| F|  |TAMS 0x0000000084700000, 0x0000000084700000| Untracked 
|  72|0x0000000084800000, 0x0000000084800000, 0x0000000084900000|  0%| F|  |TAMS 0x0000000084800000, 0x0000000084800000| Untracked 
|  73|0x0000000084900000, 0x0000000084900000, 0x0000000084a00000|  0%| F|  |TAMS 0x0000000084900000, 0x0000000084900000| Untracked 
|  74|0x0000000084a00000, 0x0000000084a00000, 0x0000000084b00000|  0%| F|  |TAMS 0x0000000084a00000, 0x0000000084a00000| Untracked 
|  75|0x0000000084b00000, 0x0000000084b00000, 0x0000000084c00000|  0%| F|  |TAMS 0x0000000084b00000, 0x0000000084b00000| Untracked 
|  76|0x0000000084c00000, 0x0000000084c00000, 0x0000000084d00000|  0%| F|  |TAMS 0x0000000084c00000, 0x0000000084c00000| Untracked 
|  77|0x0000000084d00000, 0x0000000084d00000, 0x0000000084e00000|  0%| F|  |TAMS 0x0000000084d00000, 0x0000000084d00000| Untracked 
|  78|0x0000000084e00000, 0x0000000084e00000, 0x0000000084f00000|  0%| F|  |TAMS 0x0000000084e00000, 0x0000000084e00000| Untracked 
|  79|0x0000000084f00000, 0x0000000084f00000, 0x0000000085000000|  0%| F|  |TAMS 0x0000000084f00000, 0x0000000084f00000| Untracked 
|  80|0x0000000085000000, 0x0000000085000000, 0x0000000085100000|  0%| F|  |TAMS 0x0000000085000000, 0x0000000085000000| Untracked 
|  81|0x0000000085100000, 0x0000000085100000, 0x0000000085200000|  0%| F|  |TAMS 0x0000000085100000, 0x0000000085100000| Untracked 
|  82|0x0000000085200000, 0x0000000085200000, 0x0000000085300000|  0%| F|  |TAMS 0x0000000085200000, 0x0000000085200000| Untracked 
|  83|0x0000000085300000, 0x0000000085400000, 0x0000000085400000|100%| E|  |TAMS 0x0000000085300000, 0x0000000085300000| Complete 
|  84|0x0000000085400000, 0x0000000085500000, 0x0000000085500000|100%| E|CS|TAMS 0x0000000085400000, 0x0000000085400000| Complete 
|  85|0x0000000085500000, 0x0000000085600000, 0x0000000085600000|100%| E|CS|TAMS 0x0000000085500000, 0x0000000085500000| Complete 
|  86|0x0000000085600000, 0x0000000085700000, 0x0000000085700000|100%| E|CS|TAMS 0x0000000085600000, 0x0000000085600000| Complete 
|  87|0x0000000085700000, 0x0000000085800000, 0x0000000085800000|100%| E|CS|TAMS 0x0000000085700000, 0x0000000085700000| Complete 
|  88|0x0000000085800000, 0x0000000085900000, 0x0000000085900000|100%| E|CS|TAMS 0x0000000085800000, 0x0000000085800000| Complete 
|  89|0x0000000085900000, 0x0000000085a00000, 0x0000000085a00000|100%| E|CS|TAMS 0x0000000085900000, 0x0000000085900000| Complete 
|  90|0x0000000085a00000, 0x0000000085b00000, 0x0000000085b00000|100%| E|CS|TAMS 0x0000000085a00000, 0x0000000085a00000| Complete 
|  91|0x0000000085b00000, 0x0000000085c00000, 0x0000000085c00000|100%| E|CS|TAMS 0x0000000085b00000, 0x0000000085b00000| Complete 
|  92|0x0000000085c00000, 0x0000000085d00000, 0x0000000085d00000|100%| E|CS|TAMS 0x0000000085c00000, 0x0000000085c00000| Complete 
|  93|0x0000000085d00000, 0x0000000085e00000, 0x0000000085e00000|100%| E|CS|TAMS 0x0000000085d00000, 0x0000000085d00000| Complete 
|  94|0x0000000085e00000, 0x0000000085f00000, 0x0000000085f00000|100%| E|CS|TAMS 0x0000000085e00000, 0x0000000085e00000| Complete 
|  95|0x0000000085f00000, 0x0000000086000000, 0x0000000086000000|100%| E|CS|TAMS 0x0000000085f00000, 0x0000000085f00000| Complete 
|  96|0x0000000086000000, 0x0000000086100000, 0x0000000086100000|100%| E|CS|TAMS 0x0000000086000000, 0x0000000086000000| Complete 
|  97|0x0000000086100000, 0x0000000086200000, 0x0000000086200000|100%| E|CS|TAMS 0x0000000086100000, 0x0000000086100000| Complete 
|  98|0x0000000086200000, 0x0000000086300000, 0x0000000086300000|100%| E|CS|TAMS 0x0000000086200000, 0x0000000086200000| Complete 
|  99|0x0000000086300000, 0x0000000086400000, 0x0000000086400000|100%| E|CS|TAMS 0x0000000086300000, 0x0000000086300000| Complete 
| 100|0x0000000086400000, 0x0000000086500000, 0x0000000086500000|100%| E|CS|TAMS 0x0000000086400000, 0x0000000086400000| Complete 
| 101|0x0000000086500000, 0x0000000086600000, 0x0000000086600000|100%| E|CS|TAMS 0x0000000086500000, 0x0000000086500000| Complete 
| 102|0x0000000086600000, 0x0000000086700000, 0x0000000086700000|100%| E|CS|TAMS 0x0000000086600000, 0x0000000086600000| Complete 
| 103|0x0000000086700000, 0x0000000086800000, 0x0000000086800000|100%| E|CS|TAMS 0x0000000086700000, 0x0000000086700000| Complete 
| 104|0x0000000086800000, 0x0000000086900000, 0x0000000086900000|100%| E|CS|TAMS 0x0000000086800000, 0x0000000086800000| Complete 
| 105|0x0000000086900000, 0x0000000086a00000, 0x0000000086a00000|100%| E|CS|TAMS 0x0000000086900000, 0x0000000086900000| Complete 
| 106|0x0000000086a00000, 0x0000000086b00000, 0x0000000086b00000|100%| E|CS|TAMS 0x0000000086a00000, 0x0000000086a00000| Complete 
| 107|0x0000000086b00000, 0x0000000086c00000, 0x0000000086c00000|100%| E|CS|TAMS 0x0000000086b00000, 0x0000000086b00000| Complete 
| 108|0x0000000086c00000, 0x0000000086d00000, 0x0000000086d00000|100%| E|CS|TAMS 0x0000000086c00000, 0x0000000086c00000| Complete 
| 109|0x0000000086d00000, 0x0000000086e00000, 0x0000000086e00000|100%| E|CS|TAMS 0x0000000086d00000, 0x0000000086d00000| Complete 
| 110|0x0000000086e00000, 0x0000000086f00000, 0x0000000086f00000|100%| E|CS|TAMS 0x0000000086e00000, 0x0000000086e00000| Complete 
| 111|0x0000000086f00000, 0x0000000087000000, 0x0000000087000000|100%| E|CS|TAMS 0x0000000086f00000, 0x0000000086f00000| Complete 
| 112|0x0000000087000000, 0x0000000087100000, 0x0000000087100000|100%| E|CS|TAMS 0x0000000087000000, 0x0000000087000000| Complete 
| 113|0x0000000087100000, 0x0000000087200000, 0x0000000087200000|100%| E|CS|TAMS 0x0000000087100000, 0x0000000087100000| Complete 
| 114|0x0000000087200000, 0x0000000087300000, 0x0000000087300000|100%| E|CS|TAMS 0x0000000087200000, 0x0000000087200000| Complete 
| 115|0x0000000087300000, 0x0000000087400000, 0x0000000087400000|100%| E|CS|TAMS 0x0000000087300000, 0x0000000087300000| Complete 
| 116|0x0000000087400000, 0x0000000087500000, 0x0000000087500000|100%| E|CS|TAMS 0x0000000087400000, 0x0000000087400000| Complete 
| 117|0x0000000087500000, 0x0000000087600000, 0x0000000087600000|100%| E|CS|TAMS 0x0000000087500000, 0x0000000087500000| Complete 
| 118|0x0000000087600000, 0x0000000087700000, 0x0000000087700000|100%| E|CS|TAMS 0x0000000087600000, 0x0000000087600000| Complete 
| 119|0x0000000087700000, 0x0000000087800000, 0x0000000087800000|100%| E|CS|TAMS 0x0000000087700000, 0x0000000087700000| Complete 
| 120|0x0000000087800000, 0x0000000087900000, 0x0000000087900000|100%| E|CS|TAMS 0x0000000087800000, 0x0000000087800000| Complete 
| 121|0x0000000087900000, 0x0000000087a00000, 0x0000000087a00000|100%| E|CS|TAMS 0x0000000087900000, 0x0000000087900000| Complete 
| 122|0x0000000087a00000, 0x0000000087b00000, 0x0000000087b00000|100%| E|CS|TAMS 0x0000000087a00000, 0x0000000087a00000| Complete 
| 123|0x0000000087b00000, 0x0000000087c00000, 0x0000000087c00000|100%| E|CS|TAMS 0x0000000087b00000, 0x0000000087b00000| Complete 
| 124|0x0000000087c00000, 0x0000000087d00000, 0x0000000087d00000|100%| E|CS|TAMS 0x0000000087c00000, 0x0000000087c00000| Complete 
| 125|0x0000000087d00000, 0x0000000087e00000, 0x0000000087e00000|100%| E|CS|TAMS 0x0000000087d00000, 0x0000000087d00000| Complete 
| 126|0x0000000087e00000, 0x0000000087f00000, 0x0000000087f00000|100%| E|CS|TAMS 0x0000000087e00000, 0x0000000087e00000| Complete 
| 127|0x0000000087f00000, 0x0000000088000000, 0x0000000088000000|100%| E|CS|TAMS 0x0000000087f00000, 0x0000000087f00000| Complete 
| 128|0x0000000088000000, 0x0000000088100000, 0x0000000088100000|100%| E|CS|TAMS 0x0000000088000000, 0x0000000088000000| Complete 
| 129|0x0000000088100000, 0x0000000088200000, 0x0000000088200000|100%| E|CS|TAMS 0x0000000088100000, 0x0000000088100000| Complete 
| 130|0x0000000088200000, 0x0000000088300000, 0x0000000088300000|100%| E|CS|TAMS 0x0000000088200000, 0x0000000088200000| Complete 
| 131|0x0000000088300000, 0x0000000088400000, 0x0000000088400000|100%| E|CS|TAMS 0x0000000088300000, 0x0000000088300000| Complete 
| 132|0x0000000088400000, 0x0000000088500000, 0x0000000088500000|100%| E|CS|TAMS 0x0000000088400000, 0x0000000088400000| Complete 
| 133|0x0000000088500000, 0x0000000088600000, 0x0000000088600000|100%| E|CS|TAMS 0x0000000088500000, 0x0000000088500000| Complete 
| 134|0x0000000088600000, 0x0000000088700000, 0x0000000088700000|100%| E|CS|TAMS 0x0000000088600000, 0x0000000088600000| Complete 
| 135|0x0000000088700000, 0x0000000088800000, 0x0000000088800000|100%| E|CS|TAMS 0x0000000088700000, 0x0000000088700000| Complete 
| 136|0x0000000088800000, 0x0000000088900000, 0x0000000088900000|100%| E|CS|TAMS 0x0000000088800000, 0x0000000088800000| Complete 
| 137|0x0000000088900000, 0x0000000088a00000, 0x0000000088a00000|100%| E|CS|TAMS 0x0000000088900000, 0x0000000088900000| Complete 
| 138|0x0000000088a00000, 0x0000000088b00000, 0x0000000088b00000|100%| E|CS|TAMS 0x0000000088a00000, 0x0000000088a00000| Complete 
| 139|0x0000000088b00000, 0x0000000088c00000, 0x0000000088c00000|100%| E|CS|TAMS 0x0000000088b00000, 0x0000000088b00000| Complete 
| 140|0x0000000088c00000, 0x0000000088d00000, 0x0000000088d00000|100%| E|CS|TAMS 0x0000000088c00000, 0x0000000088c00000| Complete 
| 141|0x0000000088d00000, 0x0000000088e00000, 0x0000000088e00000|100%| E|CS|TAMS 0x0000000088d00000, 0x0000000088d00000| Complete 
| 142|0x0000000088e00000, 0x0000000088f00000, 0x0000000088f00000|100%| E|CS|TAMS 0x0000000088e00000, 0x0000000088e00000| Complete 
| 143|0x0000000088f00000, 0x0000000089000000, 0x0000000089000000|100%| E|CS|TAMS 0x0000000088f00000, 0x0000000088f00000| Complete 
| 144|0x0000000089000000, 0x0000000089100000, 0x0000000089100000|100%| E|CS|TAMS 0x0000000089000000, 0x0000000089000000| Complete 
| 145|0x0000000089100000, 0x0000000089200000, 0x0000000089200000|100%| E|CS|TAMS 0x0000000089100000, 0x0000000089100000| Complete 
| 146|0x0000000089200000, 0x0000000089300000, 0x0000000089300000|100%| E|CS|TAMS 0x0000000089200000, 0x0000000089200000| Complete 
| 147|0x0000000089300000, 0x0000000089400000, 0x0000000089400000|100%| E|CS|TAMS 0x0000000089300000, 0x0000000089300000| Complete 
| 148|0x0000000089400000, 0x0000000089500000, 0x0000000089500000|100%| E|CS|TAMS 0x0000000089400000, 0x0000000089400000| Complete 
| 149|0x0000000089500000, 0x0000000089600000, 0x0000000089600000|100%| E|CS|TAMS 0x0000000089500000, 0x0000000089500000| Complete 
| 150|0x0000000089600000, 0x0000000089700000, 0x0000000089700000|100%| E|CS|TAMS 0x0000000089600000, 0x0000000089600000| Complete 
| 151|0x0000000089700000, 0x0000000089800000, 0x0000000089800000|100%| E|CS|TAMS 0x0000000089700000, 0x0000000089700000| Complete 
| 152|0x0000000089800000, 0x0000000089900000, 0x0000000089900000|100%| E|CS|TAMS 0x0000000089800000, 0x0000000089800000| Complete 
| 153|0x0000000089900000, 0x0000000089a00000, 0x0000000089a00000|100%| E|CS|TAMS 0x0000000089900000, 0x0000000089900000| Complete 
| 154|0x0000000089a00000, 0x0000000089b00000, 0x0000000089b00000|100%| E|CS|TAMS 0x0000000089a00000, 0x0000000089a00000| Complete 
| 155|0x0000000089b00000, 0x0000000089c00000, 0x0000000089c00000|100%| E|CS|TAMS 0x0000000089b00000, 0x0000000089b00000| Complete 
| 156|0x0000000089c00000, 0x0000000089d00000, 0x0000000089d00000|100%| E|CS|TAMS 0x0000000089c00000, 0x0000000089c00000| Complete 
| 157|0x0000000089d00000, 0x0000000089e00000, 0x0000000089e00000|100%| E|CS|TAMS 0x0000000089d00000, 0x0000000089d00000| Complete 
| 158|0x0000000089e00000, 0x0000000089f00000, 0x0000000089f00000|100%| S|CS|TAMS 0x0000000089e00000, 0x0000000089e00000| Complete 
| 159|0x0000000089f00000, 0x000000008a000000, 0x000000008a000000|100%| E|CS|TAMS 0x0000000089f00000, 0x0000000089f00000| Complete 
| 160|0x000000008a000000, 0x000000008a100000, 0x000000008a100000|100%| E|CS|TAMS 0x000000008a000000, 0x000000008a000000| Complete 
| 161|0x000000008a100000, 0x000000008a200000, 0x000000008a200000|100%| E|CS|TAMS 0x000000008a100000, 0x000000008a100000| Complete 
| 162|0x000000008a200000, 0x000000008a300000, 0x000000008a300000|100%| E|CS|TAMS 0x000000008a200000, 0x000000008a200000| Complete 
| 163|0x000000008a300000, 0x000000008a400000, 0x000000008a400000|100%| E|CS|TAMS 0x000000008a300000, 0x000000008a300000| Complete 
| 164|0x000000008a400000, 0x000000008a500000, 0x000000008a500000|100%| E|CS|TAMS 0x000000008a400000, 0x000000008a400000| Complete 
| 165|0x000000008a500000, 0x000000008a600000, 0x000000008a600000|100%| E|CS|TAMS 0x000000008a500000, 0x000000008a500000| Complete 
| 166|0x000000008a600000, 0x000000008a700000, 0x000000008a700000|100%| E|CS|TAMS 0x000000008a600000, 0x000000008a600000| Complete 
| 167|0x000000008a700000, 0x000000008a800000, 0x000000008a800000|100%| E|CS|TAMS 0x000000008a700000, 0x000000008a700000| Complete 
| 168|0x000000008a800000, 0x000000008a900000, 0x000000008a900000|100%| E|CS|TAMS 0x000000008a800000, 0x000000008a800000| Complete 
| 169|0x000000008a900000, 0x000000008aa00000, 0x000000008aa00000|100%| E|CS|TAMS 0x000000008a900000, 0x000000008a900000| Complete 
| 170|0x000000008aa00000, 0x000000008ab00000, 0x000000008ab00000|100%| E|CS|TAMS 0x000000008aa00000, 0x000000008aa00000| Complete 
| 171|0x000000008ab00000, 0x000000008ac00000, 0x000000008ac00000|100%| E|CS|TAMS 0x000000008ab00000, 0x000000008ab00000| Complete 
| 172|0x000000008ac00000, 0x000000008ad00000, 0x000000008ad00000|100%| E|CS|TAMS 0x000000008ac00000, 0x000000008ac00000| Complete 
| 173|0x000000008ad00000, 0x000000008ae00000, 0x000000008ae00000|100%| E|CS|TAMS 0x000000008ad00000, 0x000000008ad00000| Complete 
| 174|0x000000008ae00000, 0x000000008af00000, 0x000000008af00000|100%| E|CS|TAMS 0x000000008ae00000, 0x000000008ae00000| Complete 
| 175|0x000000008af00000, 0x000000008b000000, 0x000000008b000000|100%| E|CS|TAMS 0x000000008af00000, 0x000000008af00000| Complete 
| 176|0x000000008b000000, 0x000000008b100000, 0x000000008b100000|100%| E|CS|TAMS 0x000000008b000000, 0x000000008b000000| Complete 
| 177|0x000000008b100000, 0x000000008b200000, 0x000000008b200000|100%| E|CS|TAMS 0x000000008b100000, 0x000000008b100000| Complete 
| 178|0x000000008b200000, 0x000000008b300000, 0x000000008b300000|100%| E|CS|TAMS 0x000000008b200000, 0x000000008b200000| Complete 
| 179|0x000000008b300000, 0x000000008b400000, 0x000000008b400000|100%| E|CS|TAMS 0x000000008b300000, 0x000000008b300000| Complete 
| 180|0x000000008b400000, 0x000000008b500000, 0x000000008b500000|100%| E|CS|TAMS 0x000000008b400000, 0x000000008b400000| Complete 
| 181|0x000000008b500000, 0x000000008b600000, 0x000000008b600000|100%| E|CS|TAMS 0x000000008b500000, 0x000000008b500000| Complete 
| 182|0x000000008b600000, 0x000000008b700000, 0x000000008b700000|100%| E|CS|TAMS 0x000000008b600000, 0x000000008b600000| Complete 
| 183|0x000000008b700000, 0x000000008b800000, 0x000000008b800000|100%| E|CS|TAMS 0x000000008b700000, 0x000000008b700000| Complete 
| 184|0x000000008b800000, 0x000000008b900000, 0x000000008b900000|100%| E|CS|TAMS 0x000000008b800000, 0x000000008b800000| Complete 
| 185|0x000000008b900000, 0x000000008ba00000, 0x000000008ba00000|100%| E|CS|TAMS 0x000000008b900000, 0x000000008b900000| Complete 
| 186|0x000000008ba00000, 0x000000008bb00000, 0x000000008bb00000|100%| E|CS|TAMS 0x000000008ba00000, 0x000000008ba00000| Complete 
| 187|0x000000008bb00000, 0x000000008bc00000, 0x000000008bc00000|100%| E|CS|TAMS 0x000000008bb00000, 0x000000008bb00000| Complete 
| 188|0x000000008bc00000, 0x000000008bd00000, 0x000000008bd00000|100%| E|CS|TAMS 0x000000008bc00000, 0x000000008bc00000| Complete 
| 189|0x000000008bd00000, 0x000000008be00000, 0x000000008be00000|100%| E|CS|TAMS 0x000000008bd00000, 0x000000008bd00000| Complete 
| 190|0x000000008be00000, 0x000000008bf00000, 0x000000008bf00000|100%| E|CS|TAMS 0x000000008be00000, 0x000000008be00000| Complete 
| 191|0x000000008bf00000, 0x000000008c000000, 0x000000008c000000|100%| E|CS|TAMS 0x000000008bf00000, 0x000000008bf00000| Complete 

Card table byte_map: [0x000001e2e91f0000,0x000001e2e95f0000] _byte_map_base: 0x000001e2e8df0000

Marking Bits (Prev, Next): (CMBitMap*) 0x000001e2d25839b0, (CMBitMap*) 0x000001e2d25839f0
 Prev Bits: [0x000001e2e99f0000, 0x000001e2eb9f0000)
 Next Bits: [0x000001e2eb9f0000, 0x000001e2ed9f0000)

Polling page: 0x000001e2d1d00000

Metaspace:

Usage:
  Non-class:     16.62 MB used.
      Class:      2.81 MB used.
       Both:     19.44 MB used.

Virtual space:
  Non-class space:       64.00 MB reserved,      16.75 MB ( 26%) committed,  1 nodes.
      Class space:      416.00 MB reserved,       2.94 MB ( <1%) committed,  1 nodes.
             Both:      480.00 MB reserved,      19.69 MB (  4%) committed. 

Chunk freelists:
   Non-Class:  15.12 MB
       Class:  13.09 MB
        Both:  28.22 MB

MaxMetaspaceSize: 512.00 MB
CompressedClassSpaceSize: 416.00 MB
Initial GC threshold: 21.00 MB
Current GC threshold: 21.00 MB
CDS: on
MetaspaceReclaimPolicy: balanced
 - commit_granule_bytes: 65536.
 - commit_granule_words: 8192.
 - virtual_space_node_default_size: 8388608.
 - enlarge_chunks_in_place: 1.
 - new_chunks_are_fully_committed: 0.
 - uncommit_free_chunks: 1.
 - use_allocation_guard: 0.
 - handle_deallocations: 1.


Internal statistics:

num_allocs_failed_limit: 0.
num_arena_births: 238.
num_arena_deaths: 0.
num_vsnodes_births: 2.
num_vsnodes_deaths: 0.
num_space_committed: 315.
num_space_uncommitted: 0.
num_chunks_returned_to_freelist: 0.
num_chunks_taken_from_freelist: 960.
num_chunk_merges: 0.
num_chunk_splits: 615.
num_chunks_enlarged: 440.
num_inconsistent_stats: 0.

CodeHeap 'non-profiled nmethods': size=120000Kb used=1432Kb max_used=1432Kb free=118567Kb
 bounds [0x000001e2e18c0000, 0x000001e2e1b30000, 0x000001e2e8df0000]
CodeHeap 'profiled nmethods': size=120000Kb used=5673Kb max_used=5673Kb free=114326Kb
 bounds [0x000001e2d9df0000, 0x000001e2da380000, 0x000001e2e1320000]
CodeHeap 'non-nmethods': size=5760Kb used=1234Kb max_used=1331Kb free=4525Kb
 bounds [0x000001e2e1320000, 0x000001e2e1590000, 0x000001e2e18c0000]
 total_blobs=3275 nmethods=2731 adapters=456
 compilation: enabled
              stopped_count=0, restarted_count=0
 full_count=0

Compilation events (20 events):
Event: 17.763 Thread 0x000001e2f729a140 nmethod 2716 0x000001e2e1a24590 code [0x000001e2e1a24700, 0x000001e2e1a24778]
Event: 17.763 Thread 0x000001e2f729a140 2717       4       sun.security.provider.MD5::HH (29 bytes)
Event: 17.764 Thread 0x000001e2f729a140 nmethod 2717 0x000001e2e1a24890 code [0x000001e2e1a24a00, 0x000001e2e1a24a78]
Event: 17.764 Thread 0x000001e2f729a140 2718       4       sun.security.provider.MD5::II (31 bytes)
Event: 17.764 Thread 0x000001e2f729a140 nmethod 2718 0x000001e2e1a24b90 code [0x000001e2e1a24d00, 0x000001e2e1a24d78]
Event: 17.764 Thread 0x000001e2f729a140 2719       4       java.util.Objects::equals (23 bytes)
Event: 17.765 Thread 0x000001e2f729a140 nmethod 2719 0x000001e2e1a24e90 code [0x000001e2e1a25000, 0x000001e2e1a25098]
Event: 17.766 Thread 0x000001e2f729a140 2692       4       java.lang.Throwable::<init> (39 bytes)
Event: 17.784 Thread 0x000001e2f729a140 nmethod 2692 0x000001e2e1a25190 code [0x000001e2e1a25340, 0x000001e2e1a25eb8]
Event: 17.785 Thread 0x000001e2efef1860 2721       3       java.util.stream.StreamOpFlag::isKnown (19 bytes)
Event: 17.786 Thread 0x000001e2efef1860 nmethod 2721 0x000001e2da369610 code [0x000001e2da3697a0, 0x000001e2da369918]
Event: 17.800 Thread 0x000001e2efef1860 2722       3       org.gradle.internal.hash.Hashing$MessageDigestHasher::getDigest (22 bytes)
Event: 17.800 Thread 0x000001e2efef1860 nmethod 2722 0x000001e2da369990 code [0x000001e2da369b40, 0x000001e2da369d68]
Event: 17.802 Thread 0x000001e2efef1860 2723       3       java.lang.Enum::hashCode (5 bytes)
Event: 17.802 Thread 0x000001e2efef1860 nmethod 2723 0x000001e2da369e90 code [0x000001e2da36a020, 0x000001e2da36a168]
Event: 17.805 Thread 0x000001e2efef1860 2724       3       java.lang.Module::isStaticallyExportedOrOpen (70 bytes)
Event: 17.805 Thread 0x000001e2efef1860 nmethod 2724 0x000001e2da36a210 code [0x000001e2da36a420, 0x000001e2da36ab18]
Event: 17.809 Thread 0x000001e2efef1860 2725       3       java.lang.invoke.InfoFromMemberName::getName (8 bytes)
Event: 17.809 Thread 0x000001e2efef1860 nmethod 2725 0x000001e2da36ac90 code [0x000001e2da36ae60, 0x000001e2da36b248]
Event: 17.809 Thread 0x000001e2efef1860 2726       3       java.lang.invoke.InfoFromMemberName::getMethodType (8 bytes)

GC Heap History (6 events):
Event: 1.434 GC heap before
{Heap before GC invocations=0 (full 0):
 garbage-first heap   total 196608K, used 13312K [0x0000000080000000, 0x0000000100000000)
  region size 1024K, 13 young (13312K), 0 survivors (0K)
 Metaspace       used 792K, committed 896K, reserved 491520K
  class space    used 61K, committed 128K, reserved 425984K
}
Event: 1.446 GC heap after
{Heap after GC invocations=1 (full 0):
 garbage-first heap   total 196608K, used 1712K [0x0000000080000000, 0x0000000100000000)
  region size 1024K, 2 young (2048K), 2 survivors (2048K)
 Metaspace       used 792K, committed 896K, reserved 491520K
  class space    used 61K, committed 128K, reserved 425984K
}
Event: 3.622 GC heap before
{Heap before GC invocations=1 (full 0):
 garbage-first heap   total 196608K, used 22192K [0x0000000080000000, 0x0000000100000000)
  region size 1024K, 19 young (19456K), 2 survivors (2048K)
 Metaspace       used 3273K, committed 3392K, reserved 491520K
  class space    used 411K, committed 512K, reserved 425984K
}
Event: 3.629 GC heap after
{Heap after GC invocations=2 (full 0):
 garbage-first heap   total 196608K, used 11207K [0x0000000080000000, 0x0000000100000000)
  region size 1024K, 3 young (3072K), 3 survivors (3072K)
 Metaspace       used 3273K, committed 3392K, reserved 491520K
  class space    used 411K, committed 512K, reserved 425984K
}
Event: 7.468 GC heap before
{Heap before GC invocations=2 (full 0):
 garbage-first heap   total 196608K, used 41927K [0x0000000080000000, 0x0000000100000000)
  region size 1024K, 33 young (33792K), 3 survivors (3072K)
 Metaspace       used 4069K, committed 4224K, reserved 491520K
  class space    used 502K, committed 640K, reserved 425984K
}
Event: 7.478 GC heap after
{Heap after GC invocations=3 (full 0):
 garbage-first heap   total 196608K, used 12088K [0x0000000080000000, 0x0000000100000000)
  region size 1024K, 1 young (1024K), 1 survivors (1024K)
 Metaspace       used 4069K, committed 4224K, reserved 491520K
  class space    used 502K, committed 640K, reserved 425984K
}

Deoptimization events (20 events):
Event: 14.748 Thread 0x000001e2f4d4a740 DEOPT PACKING pc=0x000001e2e18deec4 sp=0x0000006463bfaaa0
Event: 14.748 Thread 0x000001e2f4d4a740 DEOPT UNPACKING pc=0x000001e2e13723a3 sp=0x0000006463bfaa30 mode 2
Event: 14.902 Thread 0x000001e2f4d4a740 Uncommon trap: trap_request=0xffffff45 fr.pc=0x000001e2e199e7f4 relative=0x0000000000000074
Event: 14.902 Thread 0x000001e2f4d4a740 Uncommon trap: reason=unstable_if action=reinterpret pc=0x000001e2e199e7f4 method=jdk.internal.misc.Unsafe.convEndian(ZI)I @ 4 c2
Event: 14.902 Thread 0x000001e2f4d4a740 DEOPT PACKING pc=0x000001e2e199e7f4 sp=0x0000006463bfafc0
Event: 14.902 Thread 0x000001e2f4d4a740 DEOPT UNPACKING pc=0x000001e2e13723a3 sp=0x0000006463bfaec8 mode 2
Event: 15.025 Thread 0x000001e2f4d4a740 Uncommon trap: trap_request=0xffffff45 fr.pc=0x000001e2e18e1d04 relative=0x0000000000000b04
Event: 15.025 Thread 0x000001e2f4d4a740 Uncommon trap: reason=unstable_if action=reinterpret pc=0x000001e2e18e1d04 method=java.io.WinNTFileSystem.resolve(Ljava/lang/String;Ljava/lang/String;)Ljava/lang/String; @ 19 c2
Event: 15.025 Thread 0x000001e2f4d4a740 DEOPT PACKING pc=0x000001e2e18e1d04 sp=0x0000006463bfb5b0
Event: 15.025 Thread 0x000001e2f4d4a740 DEOPT UNPACKING pc=0x000001e2e13723a3 sp=0x0000006463bfb558 mode 2
Event: 15.030 Thread 0x000001e2f4d4a740 Uncommon trap: trap_request=0xffffff45 fr.pc=0x000001e2e1941ae0 relative=0x0000000000000620
Event: 15.030 Thread 0x000001e2f4d4a740 Uncommon trap: reason=unstable_if action=reinterpret pc=0x000001e2e1941ae0 method=java.io.File.getName()Ljava/lang/String; @ 16 c2
Event: 15.030 Thread 0x000001e2f4d4a740 DEOPT PACKING pc=0x000001e2e1941ae0 sp=0x0000006463bfb550
Event: 15.030 Thread 0x000001e2f4d4a740 DEOPT UNPACKING pc=0x000001e2e13723a3 sp=0x0000006463bfb520 mode 2
Event: 15.492 Thread 0x000001e2f4d4a740 Uncommon trap: trap_request=0xffffff45 fr.pc=0x000001e2e196997c relative=0x000000000000075c
Event: 15.492 Thread 0x000001e2f4d4a740 Uncommon trap: reason=unstable_if action=reinterpret pc=0x000001e2e196997c method=java.util.ArrayList.grow(I)[Ljava/lang/Object; @ 17 c2
Event: 15.492 Thread 0x000001e2f4d4a740 DEOPT PACKING pc=0x000001e2e196997c sp=0x0000006463bfcf70
Event: 15.492 Thread 0x000001e2f4d4a740 DEOPT UNPACKING pc=0x000001e2e13723a3 sp=0x0000006463bfce08 mode 2
Event: 16.165 Thread 0x000001e2f4d4a740 DEOPT PACKING pc=0x000001e2d9eccabd sp=0x0000006463bfb340
Event: 16.165 Thread 0x000001e2f4d4a740 DEOPT UNPACKING pc=0x000001e2e1372b43 sp=0x0000006463bfa7d8 mode 0

Classes unloaded (0 events):
No events

Classes redefined (0 events):
No events

Internal exceptions (20 events):
Event: 14.620 Thread 0x000001e2f4d4a740 Exception <a 'java/lang/NoSuchMethodError'{0x00000000882bd570}: 'void java.lang.invoke.DirectMethodHandle$Holder.invokeStaticInit(java.lang.Object)'> (0x00000000882bd570) 
thrown [s\open\src\hotspot\share\interpreter\linkResolver.cpp, line 759]
Event: 14.667 Thread 0x000001e2f4d4a740 Exception <a 'java/lang/NoSuchMethodError'{0x000000008816f848}: 'java.lang.Object java.lang.invoke.DirectMethodHandle$Holder.newInvokeSpecial(java.lang.Object, java.lang.Object, java.lang.Object, int)'> (0x000000008816f848) 
thrown [s\open\src\hotspot\share\interpreter\linkResolver.cpp, line 759]
Event: 14.668 Thread 0x000001e2f4d4a740 Exception <a 'java/lang/NoSuchMethodError'{0x0000000088174178}: 'java.lang.Object java.lang.invoke.DirectMethodHandle$Holder.invokeSpecial(java.lang.Object, java.lang.Object, java.lang.Object, java.lang.Object, int)'> (0x0000000088174178) 
thrown [s\open\src\hotspot\share\interpreter\linkResolver.cpp, line 759]
Event: 14.668 Thread 0x000001e2f4d4a740 Exception <a 'java/lang/NoSuchMethodError'{0x0000000088178290}: 'java.lang.Object java.lang.invoke.Invokers$Holder.linkToTargetMethod(java.lang.Object, java.lang.Object, int, java.lang.Object)'> (0x0000000088178290) 
thrown [s\open\src\hotspot\share\interpreter\linkResolver.cpp, line 759]
Event: 15.095 Thread 0x000001e2f4d4a740 Exception <a 'java/lang/NoSuchMethodError'{0x0000000087c9fab8}: 'int java.lang.invoke.DirectMethodHandle$Holder.invokeVirtual(java.lang.Object, java.lang.Object, java.lang.Object)'> (0x0000000087c9fab8) 
thrown [s\open\src\hotspot\share\interpreter\linkResolver.cpp, line 759]
Event: 15.151 Thread 0x000001e2f4d4a740 Exception <a 'java/lang/NoSuchMethodError'{0x0000000087ba8300}: 'int java.lang.invoke.DirectMethodHandle$Holder.invokeSpecialIFC(java.lang.Object, java.lang.Object, java.lang.Object, java.lang.Object)'> (0x0000000087ba8300) 
thrown [s\open\src\hotspot\share\interpreter\linkResolver.cpp, line 759]
Event: 15.160 Thread 0x000001e2f4d4a740 Exception <a 'java/lang/NoSuchMethodError'{0x0000000087bb7170}: 'java.lang.Object java.lang.invoke.DirectMethodHandle$Holder.invokeInterface(java.lang.Object, java.lang.Object, java.lang.Object)'> (0x0000000087bb7170) 
thrown [s\open\src\hotspot\share\interpreter\linkResolver.cpp, line 759]
Event: 15.160 Thread 0x000001e2f4d4a740 Exception <a 'java/lang/IncompatibleClassChangeError'{0x0000000087bbad88}: Found class java.lang.Object, but interface was expected> (0x0000000087bbad88) 
thrown [s\open\src\hotspot\share\interpreter\linkResolver.cpp, line 826]
Event: 15.405 Thread 0x000001e2f4d4a740 Exception <a 'java/lang/NoSuchMethodError'{0x00000000879a7668}: 'int java.lang.invoke.DirectMethodHandle$Holder.invokeStatic(java.lang.Object, java.lang.Object, java.lang.Object, java.lang.Object)'> (0x00000000879a7668) 
thrown [s\open\src\hotspot\share\interpreter\linkResolver.cpp, line 759]
Event: 15.405 Thread 0x000001e2f4d4a740 Exception <a 'java/lang/NoSuchMethodError'{0x00000000879ab290}: 'java.lang.Object java.lang.invoke.Invokers$Holder.invokeExact_MT(java.lang.Object, java.lang.Object, java.lang.Object, java.lang.Object, java.lang.Object, java.lang.Object)'> (0x00000000879ab290) 
thrown [s\open\src\hotspot\share\interpreter\linkResolver.cpp, line 759]
Event: 16.854 Thread 0x000001e2f4d4a740 Exception <a 'java/lang/NoSuchMethodError'{0x00000000862e79c8}: 'java.lang.Object java.lang.invoke.DirectMethodHandle$Holder.invokeVirtual(java.lang.Object, java.lang.Object, java.lang.Object, java.lang.Object)'> (0x00000000862e79c8) 
thrown [s\open\src\hotspot\share\interpreter\linkResolver.cpp, line 759]
Event: 16.931 Thread 0x000001e2f4d4a740 Exception <a 'java/lang/NoSuchMethodError'{0x0000000086043190}: 'java.lang.Object java.lang.invoke.DirectMethodHandle$Holder.newInvokeSpecial(java.lang.Object, java.lang.Object, java.lang.Object, java.lang.Object, java.lang.Object, java.lang.Object, java.lang.Object)'> (0x0000000086043190) 
thrown [s\open\src\hotspot\share\interpreter\linkResolver.cpp, line 759]
Event: 16.932 Thread 0x000001e2f4d4a740 Exception <a 'java/lang/NoSuchMethodError'{0x0000000086047e60}: 'java.lang.Object java.lang.invoke.Invokers$Holder.linkToTargetMethod(java.lang.Object, java.lang.Object, java.lang.Object, java.lang.Object, java.lang.Object, java.lang.Object, java.lang.Object)'> (0x0000000086047e60) 
thrown [s\open\src\hotspot\share\interpreter\linkResolver.cpp, line 759]
Event: 17.047 Thread 0x000001e2f4d4a740 Exception <a 'java/lang/NoSuchMethodError'{0x0000000085fa9a20}: 'java.lang.Object java.lang.invoke.DirectMethodHandle$Holder.invokeVirtual(java.lang.Object, java.lang.Object, java.lang.Object, java.lang.Object, java.lang.Object, java.lang.Object, java.lang.Object, java.lang.Object, java.lang.Object, java.lang.Object, java.lang.Object, java.lang.Object, java.lang.Object, java.lang.Object, java.lang.Object, java.lang.Object, java.lang.Object, java.lang.Object, java.lang.Object, java.lang.Object, java.lang.Ob
Event: 17.602 Thread 0x000001e2f4d4a740 Exception <a 'java/lang/NoSuchMethodError'{0x00000000856a0798}: 'java.lang.Object java.lang.invoke.DirectMethodHandle$Holder.invokeStaticInit(java.lang.Object, java.lang.Object, java.lang.Object, java.lang.Object)'> (0x00000000856a0798) 
thrown [s\open\src\hotspot\share\interpreter\linkResolver.cpp, line 759]
Event: 17.648 Thread 0x000001e2f4d4a740 Exception <a 'java/lang/NoSuchMethodError'{0x0000000085594430}: 'java.lang.Object java.lang.invoke.DirectMethodHandle$Holder.newInvokeSpecial(java.lang.Object, java.lang.Object, java.lang.Object, java.lang.Object, java.lang.Object, java.lang.Object, java.lang.Object, java.lang.Object)'> (0x0000000085594430) 
thrown [s\open\src\hotspot\share\interpreter\linkResolver.cpp, line 759]
Event: 17.649 Thread 0x000001e2f4d4a740 Exception <a 'java/lang/NoSuchMethodError'{0x0000000085599e38}: 'java.lang.Object java.lang.invoke.DirectMethodHandle$Holder.invokeSpecial(java.lang.Object, java.lang.Object, java.lang.Object, java.lang.Object, java.lang.Object, java.lang.Object, java.lang.Object, java.lang.Object, java.lang.Object)'> (0x0000000085599e38) 
thrown [s\open\src\hotspot\share\interpreter\linkResolver.cpp, line 759]
Event: 17.649 Thread 0x000001e2f4d4a740 Exception <a 'java/lang/NoSuchMethodError'{0x000000008559f1e8}: 'java.lang.Object java.lang.invoke.Invokers$Holder.linkToTargetMethod(java.lang.Object, java.lang.Object, java.lang.Object, java.lang.Object, java.lang.Object, java.lang.Object, java.lang.Object, java.lang.Object)'> (0x000000008559f1e8) 
thrown [s\open\src\hotspot\share\interpreter\linkResolver.cpp, line 759]
Event: 17.746 Thread 0x000001e2f4d4a740 Exception <a 'java/lang/NoSuchMethodError'{0x00000000854c3108}: 'void java.lang.invoke.DirectMethodHandle$Holder.invokeStatic(java.lang.Object, java.lang.Object, java.lang.Object, java.lang.Object)'> (0x00000000854c3108) 
thrown [s\open\src\hotspot\share\interpreter\linkResolver.cpp, line 759]
Event: 17.754 Thread 0x000001e2f4d4a740 Exception <a 'java/lang/IncompatibleClassChangeError'{0x00000000854ed290}: Found class java.lang.Object, but interface was expected> (0x00000000854ed290) 
thrown [s\open\src\hotspot\share\interpreter\linkResolver.cpp, line 826]

VM Operations (20 events):
Event: 12.478 Executing VM operation: HandshakeAllThreads
Event: 12.478 Executing VM operation: HandshakeAllThreads done
Event: 13.490 Executing VM operation: Cleanup
Event: 13.515 Executing VM operation: Cleanup done
Event: 14.038 Executing VM operation: HandshakeAllThreads
Event: 14.038 Executing VM operation: HandshakeAllThreads done
Event: 15.040 Executing VM operation: HandshakeAllThreads
Event: 15.040 Executing VM operation: HandshakeAllThreads done
Event: 15.040 Executing VM operation: Cleanup
Event: 15.040 Executing VM operation: Cleanup done
Event: 15.041 Executing VM operation: HandshakeAllThreads
Event: 15.042 Executing VM operation: HandshakeAllThreads done
Event: 15.531 Executing VM operation: HandshakeAllThreads
Event: 15.532 Executing VM operation: HandshakeAllThreads done
Event: 15.532 Executing VM operation: HandshakeAllThreads
Event: 15.532 Executing VM operation: HandshakeAllThreads done
Event: 16.535 Executing VM operation: Cleanup
Event: 16.536 Executing VM operation: Cleanup done
Event: 17.550 Executing VM operation: Cleanup
Event: 17.566 Executing VM operation: Cleanup done

Events (20 events):
Event: 15.860 loading class java/util/function/LongFunction
Event: 15.860 loading class java/util/function/LongFunction done
Event: 15.953 loading class java/security/InvalidKeyException
Event: 15.954 loading class java/security/KeyException
Event: 15.954 loading class java/security/KeyException done
Event: 15.954 loading class java/security/InvalidKeyException done
Event: 15.970 Thread 0x000001e2f668f170 Thread added: 0x000001e2f668f170
Event: 16.815 loading class javax/xml/parsers/ParserConfigurationException
Event: 16.816 loading class javax/xml/parsers/ParserConfigurationException done
Event: 16.816 loading class org/xml/sax/SAXException
Event: 16.816 loading class org/xml/sax/SAXException done
Event: 16.816 loading class javax/xml/xpath/XPathExpressionException
Event: 16.817 loading class javax/xml/xpath/XPathException
Event: 16.818 loading class javax/xml/xpath/XPathException done
Event: 16.818 loading class javax/xml/xpath/XPathExpressionException done
Event: 16.818 loading class org/xml/sax/ErrorHandler
Event: 16.818 loading class org/xml/sax/ErrorHandler done
Event: 17.062 Thread 0x000001e2f668f170 Thread exited: 0x000001e2f668f170
Event: 17.479 Thread 0x000001e2f6cf5980 Thread added: 0x000001e2f6cf5980
Event: 17.757 Thread 0x000001e2f729a140 Thread added: 0x000001e2f729a140


Dynamic libraries:
0x00007ff6a22c0000 - 0x00007ff6a22d0000 	C:\Users\legba\AppData\Local\jdk-11.0.2\bin\java.exe
0x00007fff33470000 - 0x00007fff33668000 	C:\Windows\SYSTEM32\ntdll.dll
0x00007fff31660000 - 0x00007fff31722000 	C:\Windows\System32\KERNEL32.DLL
0x00007fff30e10000 - 0x00007fff3110e000 	C:\Windows\System32\KERNELBASE.dll
0x00007fff31110000 - 0x00007fff31210000 	C:\Windows\System32\ucrtbase.dll
0x00007fff0f8b0000 - 0x00007fff0f8cb000 	C:\Users\legba\AppData\Local\jdk-11.0.2\bin\VCRUNTIME140.dll
0x00007fff1c4b0000 - 0x00007fff1c4c9000 	C:\Users\legba\AppData\Local\jdk-11.0.2\bin\jli.dll
0x00007fff33230000 - 0x00007fff332e2000 	C:\Windows\System32\ADVAPI32.dll
0x00007fff31730000 - 0x00007fff317ce000 	C:\Windows\System32\msvcrt.dll
0x00007fff32e10000 - 0x00007fff32eb0000 	C:\Windows\System32\sechost.dll
0x00007fff32eb0000 - 0x00007fff32fd3000 	C:\Windows\System32\RPCRT4.dll
0x00007fff30de0000 - 0x00007fff30e07000 	C:\Windows\System32\bcrypt.dll
0x00007fff33090000 - 0x00007fff3322d000 	C:\Windows\System32\USER32.dll
0x00007fff312b0000 - 0x00007fff312d2000 	C:\Windows\System32\win32u.dll
0x00007fff32580000 - 0x00007fff325ab000 	C:\Windows\System32\GDI32.dll
0x00007fff1e7f0000 - 0x00007fff1ea8a000 	C:\Windows\WinSxS\amd64_microsoft.windows.common-controls_6595b64144ccf1df_6.0.19041.4355_none_60b8b9eb71f62e16\COMCTL32.dll
0x00007fff31370000 - 0x00007fff31487000 	C:\Windows\System32\gdi32full.dll
0x00007fff31210000 - 0x00007fff312ad000 	C:\Windows\System32\msvcp_win.dll
0x00007fff2ae90000 - 0x00007fff2ae9a000 	C:\Windows\SYSTEM32\VERSION.dll
0x00007fff31c60000 - 0x00007fff31c8f000 	C:\Windows\System32\IMM32.DLL
0x00007fff2abf0000 - 0x00007fff2abfc000 	C:\Users\legba\AppData\Local\jdk-11.0.2\bin\vcruntime140_1.dll
0x00007fff0bfc0000 - 0x00007fff0c04e000 	C:\Users\legba\AppData\Local\jdk-11.0.2\bin\msvcp140.dll
0x00007ffe72070000 - 0x00007ffe72c50000 	C:\Users\legba\AppData\Local\jdk-11.0.2\bin\server\jvm.dll
0x00007fff314a0000 - 0x00007fff314a8000 	C:\Windows\System32\PSAPI.DLL
0x00007fff2cde0000 - 0x00007fff2cde9000 	C:\Windows\SYSTEM32\WSOCK32.dll
0x00007fff32390000 - 0x00007fff323fb000 	C:\Windows\System32\WS2_32.dll
0x00007fff1a910000 - 0x00007fff1a937000 	C:\Windows\SYSTEM32\WINMM.dll
0x00007fff2f2f0000 - 0x00007fff2f302000 	C:\Windows\SYSTEM32\kernel.appcore.dll
0x00007fff1c560000 - 0x00007fff1c56a000 	C:\Users\legba\AppData\Local\jdk-11.0.2\bin\jimage.dll
0x00007fff2e6a0000 - 0x00007fff2e884000 	C:\Windows\SYSTEM32\DBGHELP.DLL
0x00007fff16b60000 - 0x00007fff16b94000 	C:\Windows\SYSTEM32\dbgcore.DLL
0x00007fff312e0000 - 0x00007fff31362000 	C:\Windows\System32\bcryptPrimitives.dll
0x00007fff0d9f0000 - 0x00007fff0d9fe000 	C:\Users\legba\AppData\Local\jdk-11.0.2\bin\instrument.dll
0x00007fff0c620000 - 0x00007fff0c645000 	C:\Users\legba\AppData\Local\jdk-11.0.2\bin\java.dll
0x00007ffedf860000 - 0x00007ffedf937000 	C:\Users\legba\AppData\Local\jdk-11.0.2\bin\jsvml.dll
0x00007fff325b0000 - 0x00007fff32d1f000 	C:\Windows\System32\SHELL32.dll
0x00007fff2eb30000 - 0x00007fff2f2d4000 	C:\Windows\SYSTEM32\windows.storage.dll
0x00007fff317d0000 - 0x00007fff31b23000 	C:\Windows\System32\combase.dll
0x00007fff30460000 - 0x00007fff3048e000 	C:\Windows\SYSTEM32\Wldp.dll
0x00007fff31db0000 - 0x00007fff31e7d000 	C:\Windows\System32\OLEAUT32.dll
0x00007fff32410000 - 0x00007fff324bd000 	C:\Windows\System32\SHCORE.dll
0x00007fff32d20000 - 0x00007fff32d75000 	C:\Windows\System32\shlwapi.dll
0x00007fff30a40000 - 0x00007fff30a64000 	C:\Windows\SYSTEM32\profapi.dll
0x00007fff0d1c0000 - 0x00007fff0d1d8000 	C:\Users\legba\AppData\Local\jdk-11.0.2\bin\zip.dll
0x00007fff0f850000 - 0x00007fff0f869000 	C:\Users\legba\AppData\Local\jdk-11.0.2\bin\net.dll
0x00007fff28680000 - 0x00007fff2878d000 	C:\Windows\SYSTEM32\WINHTTP.dll
0x00007fff30240000 - 0x00007fff302aa000 	C:\Windows\system32\mswsock.dll
0x00007fff0f6c0000 - 0x00007fff0f6d6000 	C:\Users\legba\AppData\Local\jdk-11.0.2\bin\nio.dll
0x00007fff1c2b0000 - 0x00007fff1c2c0000 	C:\Users\legba\AppData\Local\jdk-11.0.2\bin\verify.dll
0x00007fff0c490000 - 0x00007fff0c4b7000 	C:\Users\legba\.gradle\native\c067742578af261105cb4f569cf0c3c89f3d7b1fecec35dd04571415982c5e48\windows-amd64\native-platform.dll
0x00007ffe92210000 - 0x00007ffe92354000 	C:\Users\legba\.gradle\native\100fb08df4bc3b14c8652ba06237920a3bd2aa13389f12d3474272988ae205f9\windows-amd64\native-platform-file-events.dll
0x00007fff10bf0000 - 0x00007fff10bfa000 	C:\Users\legba\AppData\Local\jdk-11.0.2\bin\management.dll
0x00007fff0f8a0000 - 0x00007fff0f8ab000 	C:\Users\legba\AppData\Local\jdk-11.0.2\bin\management_ext.dll
0x00007fff304a0000 - 0x00007fff304b8000 	C:\Windows\SYSTEM32\CRYPTSP.dll
0x00007fff2fb10000 - 0x00007fff2fb44000 	C:\Windows\system32\rsaenh.dll
0x00007fff309c0000 - 0x00007fff309ee000 	C:\Windows\SYSTEM32\USERENV.dll
0x00007fff303d0000 - 0x00007fff303dc000 	C:\Windows\SYSTEM32\CRYPTBASE.dll
0x00007fff2fef0000 - 0x00007fff2ff2b000 	C:\Windows\SYSTEM32\IPHLPAPI.DLL
0x00007fff31490000 - 0x00007fff31498000 	C:\Windows\System32\NSI.dll
0x00007fff2a050000 - 0x00007fff2a067000 	C:\Windows\SYSTEM32\dhcpcsvc6.DLL
0x00007fff2a020000 - 0x00007fff2a03d000 	C:\Windows\SYSTEM32\dhcpcsvc.DLL
0x00007fff2ff30000 - 0x00007fff2fffa000 	C:\Windows\SYSTEM32\DNSAPI.dll
0x00007fff0d5a0000 - 0x00007fff0d5ae000 	C:\Users\legba\AppData\Local\jdk-11.0.2\bin\sunmscapi.dll
0x00007fff30c10000 - 0x00007fff30d6c000 	C:\Windows\System32\CRYPT32.dll
0x00007fff305b0000 - 0x00007fff305d7000 	C:\Windows\SYSTEM32\ncrypt.dll
0x00007fff30570000 - 0x00007fff305ab000 	C:\Windows\SYSTEM32\NTASN1.dll
0x00007fff1c220000 - 0x00007fff1c227000 	C:\Windows\system32\wshunix.dll

dbghelp: loaded successfully - version: 4.0.5 - missing functions: none
symbol engine: initialized successfully - sym options: 0x614 - pdb path: .;C:\Users\legba\AppData\Local\jdk-11.0.2\bin;C:\Windows\SYSTEM32;C:\Windows\WinSxS\amd64_microsoft.windows.common-controls_6595b64144ccf1df_6.0.19041.4355_none_60b8b9eb71f62e16;C:\Users\legba\AppData\Local\jdk-11.0.2\bin\server;C:\Users\legba\.gradle\native\c067742578af261105cb4f569cf0c3c89f3d7b1fecec35dd04571415982c5e48\windows-amd64;C:\Users\legba\.gradle\native\100fb08df4bc3b14c8652ba06237920a3bd2aa13389f12d3474272988ae205f9\windows-amd64

VM Arguments:
jvm_args: -XX:MaxMetaspaceSize=512m --add-opens=java.base/java.util=ALL-UNNAMED --add-opens=java.base/java.lang=ALL-UNNAMED --add-opens=java.base/java.lang.invoke=ALL-UNNAMED --add-opens=java.prefs/java.util.prefs=ALL-UNNAMED --add-opens=java.base/java.nio.charset=ALL-UNNAMED --add-opens=java.base/java.net=ALL-UNNAMED --add-opens=java.base/java.util.concurrent.atomic=ALL-UNNAMED -Xmx2048m -Dfile.encoding=windows-1252 -Duser.country=US -Duser.language=en -Duser.variant -javaagent:C:\Users\legba\.gradle\wrapper\dists\gradle-8.8-all\6gdy1pgp427xkqcjbxw3ylt6h\gradle-8.8\lib\agents\gradle-instrumentation-agent-8.8.jar 
java_command: org.gradle.launcher.daemon.bootstrap.GradleDaemon 8.8
java_class_path (initial): C:\Users\legba\.gradle\wrapper\dists\gradle-8.8-all\6gdy1pgp427xkqcjbxw3ylt6h\gradle-8.8\lib\gradle-launcher-8.8.jar
Launcher Type: SUN_STANDARD

[Global flags]
     intx CICompilerCount                          = 3                                         {product} {ergonomic}
   size_t CompressedClassSpaceSize                 = 436207616                                 {product} {ergonomic}
     uint ConcGCThreads                            = 1                                         {product} {ergonomic}
     uint G1ConcRefinementThreads                  = 4                                         {product} {ergonomic}
   size_t G1HeapRegionSize                         = 1048576                                   {product} {ergonomic}
    uintx GCDrainStackTargetSize                   = 64                                        {product} {ergonomic}
   size_t InitialHeapSize                          = 201326592                                 {product} {ergonomic}
   size_t MarkStackSize                            = 4194304                                   {product} {ergonomic}
   size_t MaxHeapSize                              = 2147483648                                {product} {command line}
   size_t MaxMetaspaceSize                         = 536870912                                 {product} {command line}
   size_t MaxNewSize                               = 1287651328                                {product} {ergonomic}
   size_t MinHeapDeltaBytes                        = 1048576                                   {product} {ergonomic}
   size_t MinHeapSize                              = 8388608                                   {product} {ergonomic}
    uintx NonNMethodCodeHeapSize                   = 5832780                                {pd product} {ergonomic}
    uintx NonProfiledCodeHeapSize                  = 122912730                              {pd product} {ergonomic}
    uintx ProfiledCodeHeapSize                     = 122912730                              {pd product} {ergonomic}
    uintx ReservedCodeCacheSize                    = 251658240                              {pd product} {ergonomic}
     bool SegmentedCodeCache                       = true                                      {product} {ergonomic}
   size_t SoftMaxHeapSize                          = 2147483648                             {manageable} {ergonomic}
     bool UseCompressedClassPointers               = true                           {product lp64_product} {ergonomic}
     bool UseCompressedOops                        = true                           {product lp64_product} {ergonomic}
     bool UseG1GC                                  = true                                      {product} {ergonomic}
     bool UseLargePagesIndividualAllocation        = false                                  {pd product} {ergonomic}

Logging:
Log output configuration:
 #0: stdout all=warning uptime,level,tags
 #1: stderr all=off uptime,level,tags

Environment Variables:
JAVA_HOME=C:\Users\legba\AppData\Local\jdk-11.0.2
CLASSPATH=C:\Users\legba\OneDrive\Desktop\Tsaron Technologies\Tsaron Mobile App\Gumshoe_app\android\\gradle\wrapper\gradle-wrapper.jar
PATH=C:\Program Files\Common Files\Oracle\Java\javapath;C:\Program Files\Microsoft\jdk-11.0.16.101-hotspot\bin;C:\;C:\Users\EMEM\AppData\Local\Programs\Python\Python39\;C:\Windows\system32;C:\Windows;C:\Windows\System32\Wbem;C:\Windows\System32\WindowsPowerShell\v1.0\;C:\Windows\System32\OpenSSH\;C:\Program Files\Git\cmd;C:\Program Files\Amazon\AWSCLIV2\;C:\ProgramData\chocolatey\bin;C:\Program Files\OpenJDK\openjdk-11.0.16_8\bin;C:\Hugo\bin;C:\Program Files\Microsoft SQL Server\150\Tools\Binn\;C:\Program Files\Microsoft SQL Server\Client SDK\ODBC\170\Tools\Binn\;C:\Program Files\dotnet\;C:\Program Files\Microsoft SQL Server\120\Tools\Binn\;C:\Users\legba\AppData\Roaming\nvm;C:\Program Files\nodejs;C:\Users\legba\AppData\Local\Android\Sdk\tools;C:\Users\legba\AppData\Local\jdk-11.0.2\bin;C:\Users\legba\AppData\Local\jdk-11.0.2\bin;C:\Users\legba\AppData\Local\Microsoft\WindowsApps;C:\Users\legba\AppData\Local\Programs\Microsoft VS Code\bin;C:\Users\legba\AppData\Local\Android\Sdk\platform-tools;C:\Users\legba\.dotnet\tools;C:\Users\legba\AppData\Roaming\npm;C:\Users\legba\AppData\Roaming\nvm;C:\Program Files\nodejs;
USERNAME=legba
OS=Windows_NT
PROCESSOR_IDENTIFIER=Intel64 Family 6 Model 142 Stepping 9, GenuineIntel



---------------  S Y S T E M  ---------------

OS:
 Windows 10 , 64 bit Build 19041 (10.0.19041.4957)
OS uptime: 0 days 5:42 hours
Hyper-V role detected

CPU: total 4 (initial active 4) (2 cores per cpu, 2 threads per core) family 6 model 142 stepping 9 microcode 0xf0, cx8, cmov, fxsr, ht, mmx, 3dnowpref, sse, sse2, sse3, ssse3, sse4.1, sse4.2, popcnt, lzcnt, tsc, tscinvbit, avx, avx2, aes, erms, clmul, bmi1, bmi2, adx, fma, vzeroupper, clflush, clflushopt, hv

Memory: 4k page, system-wide physical 12182M (830M free)
TotalPageFile size 19199M (AvailPageFile size 4M)
current process WorkingSet (physical memory assigned to process): 224M, peak: 224M
current process commit charge ("private bytes"): 340M, peak: 342M

vm_info: Java HotSpot(TM) 64-Bit Server VM (17.0.11+7-LTS-207) for windows-amd64 JRE (17.0.11+7-LTS-207), built on Mar 11 2024 19:01:50 by "mach5one" with MS VC++ 17.6 (VS2022)

END.
